[2020-08-04 15:18:44] UTN FRA LOGGER.INFO: metodo=POST, URI=https%3A%2F%2Fcaileanalejandro.000webhostapp.com%2FComanda%2Fpublic, RUTA=pedido%2Falta, autoridad=caileanalejandro.000webhostapp.com [] {"uid":"a97c741"}
[2020-08-04 15:19:37] UTN FRA LOGGER.INFO: metodo=POST, URI=https%3A%2F%2Fcaileanalejandro.000webhostapp.com%2FComanda%2Fpublic, RUTA=pedido%2Falta, autoridad=caileanalejandro.000webhostapp.com [] {"uid":"f4ba434"}
[2020-08-04 15:22:20] UTN FRA LOGGER.INFO: metodo=POST, URI=https%3A%2F%2Fcaileanalejandro.000webhostapp.com%2FComanda%2Fpublic, RUTA=pedido%2Falta, autoridad=caileanalejandro.000webhostapp.com [] {"uid":"41a1608"}
[2020-08-04 16:19:31] UTN FRA LOGGER.INFO: metodo=POST, URI=https%3A%2F%2Fcaileanalejandro.000webhostapp.com%2FComanda%2Fpublic, RUTA=pedido%2Fbartender, autoridad=caileanalejandro.000webhostapp.com [] {"uid":"55b62b2"}
[2020-08-04 16:31:55] UTN FRA LOGGER.INFO: metodo=POST, URI=https%3A%2F%2Fcaileanalejandro.000webhostapp.com%2FComanda%2Fpublic, RUTA=bartender%2Flistado, autoridad=caileanalejandro.000webhostapp.com [] {"uid":"a825079"}
[2020-08-04 16:51:40] UTN FRA LOGGER.INFO: metodo=POST, URI=https%3A%2F%2Fcaileanalejandro.000webhostapp.com%2FComanda%2Fpublic, RUTA=bartender%2Flistado, autoridad=caileanalejandro.000webhostapp.com [] {"uid":"6be9bab"}
[2020-08-04 16:52:31] UTN FRA LOGGER.INFO: metodo=POST, URI=https%3A%2F%2Fcaileanalejandro.000webhostapp.com%2FComanda%2Fpublic, RUTA=empleado%2Flogin, autoridad=caileanalejandro.000webhostapp.com [] {"uid":"aa81ea4"}
[2020-08-04 16:52:56] UTN FRA LOGGER.INFO: metodo=POST, URI=https%3A%2F%2Fcaileanalejandro.000webhostapp.com%2FComanda%2Fpublic, RUTA=bartender%2Flistado, autoridad=caileanalejandro.000webhostapp.com [] {"uid":"dd4842d"}
[2020-08-04 16:53:07] UTN FRA LOGGER.INFO: metodo=POST, URI=https%3A%2F%2Fcaileanalejandro.000webhostapp.com%2FComanda%2Fpublic, RUTA=empleado%2Flogin, autoridad=caileanalejandro.000webhostapp.com [] {"uid":"4c615e7"}
[2020-08-04 16:53:24] UTN FRA LOGGER.INFO: metodo=POST, URI=https%3A%2F%2Fcaileanalejandro.000webhostapp.com%2FComanda%2Fpublic, RUTA=bartender%2Flistado, autoridad=caileanalejandro.000webhostapp.com [] {"uid":"93d831b"}
[2020-08-04 19:59:42] UTN FRA LOGGER.INFO: metodo=POST, URI=https%3A%2F%2Fcaileanalejandro.000webhostapp.com%2FComanda%2Fpublic, RUTA=estadisticas%2Fmesas, autoridad=caileanalejandro.000webhostapp.com [] {"uid":"91ed5bd"}
[2020-08-04 20:01:45] UTN FRA LOGGER.INFO: metodo=POST, URI=https%3A%2F%2Fcaileanalejandro.000webhostapp.com%2FComanda%2Fpublic, RUTA=estadisticas%2Fmesas, autoridad=caileanalejandro.000webhostapp.com [] {"uid":"b23bbf7"}
[2020-08-04 20:20:06] UTN FRA LOGGER.INFO: metodo=POST, URI=http%3A%2F%2Fcaileanalejandro.000webhostapp.com%2FComanda%2Fpublic, RUTA=estadisticas%2Fmesas, autoridad=caileanalejandro.000webhostapp.com [] {"uid":"d30c831"}
[2020-08-04 20:21:33] UTN FRA LOGGER.INFO: metodo=POST, URI=http%3A%2F%2Fcaileanalejandro.000webhostapp.com%2FComanda%2Fpublic, RUTA=estadisticas%2Fmesas, autoridad=caileanalejandro.000webhostapp.com [] {"uid":"e47b1b2"}
[2020-08-04 20:24:40] UTN FRA LOGGER.INFO: metodo=POST, URI=http%3A%2F%2Fcaileanalejandro.000webhostapp.com%2FComanda%2Fpublic, RUTA=estadisticas%2Fmesas, autoridad=caileanalejandro.000webhostapp.com [] {"uid":"e23444f"}
[2020-08-04 20:24:48] UTN FRA LOGGER.INFO: metodo=POST, URI=http%3A%2F%2Fcaileanalejandro.000webhostapp.com%2FComanda%2Fpublic, RUTA=estadisticas%2Fmesas, autoridad=caileanalejandro.000webhostapp.com [] {"uid":"9eebc3a"}
[2020-08-04 20:26:38] UTN FRA LOGGER.INFO: metodo=POST, URI=http%3A%2F%2Fcaileanalejandro.000webhostapp.com%2FComanda%2Fpublic, RUTA=estadisticas%2Fmesas, autoridad=caileanalejandro.000webhostapp.com [] {"uid":"7ca98d3"}
[2020-08-04 20:27:03] UTN FRA LOGGER.INFO: metodo=POST, URI=http%3A%2F%2Fcaileanalejandro.000webhostapp.com%2FComanda%2Fpublic, RUTA=estadisticas%2Fmesas, autoridad=caileanalejandro.000webhostapp.com [] {"uid":"f4f9ba1"}
[2021-02-05 00:19:23] UTN FRA LOGGER.INFO: metodo=POST, URI=http%3A%2F%2Flocalhost%2FComanda%2Fpublic, RUTA=pedido%2Falta, autoridad=localhost [] {"uid":"e01c5fe"}
[2021-02-05 00:19:56] UTN FRA LOGGER.INFO: metodo=POST, URI=http%3A%2F%2Flocalhost%2FComanda%2Fpublic, RUTA=pedido%2Falta, autoridad=localhost [] {"uid":"279a099"}
[2021-02-05 00:20:24] UTN FRA LOGGER.INFO: metodo=POST, URI=http%3A%2F%2Flocalhost%2FComanda%2Fpublic, RUTA=pedido%2Falta, autoridad=localhost [] {"uid":"8c74a98"}
[2021-02-05 00:29:20] UTN FRA LOGGER.INFO: metodo=POST, URI=http%3A%2F%2Flocalhost%2FComanda%2Fpublic, RUTA=pedido%2Falta, autoridad=localhost [] {"uid":"a3399cc"}
[2021-02-05 00:29:49] UTN FRA LOGGER.INFO: metodo=GET, URI=http%3A%2F%2Flocalhost%2FComanda%2Fpublic, RUTA=%2F, autoridad=localhost [] {"uid":"a209a05"}
[2021-02-05 00:29:49] UTN FRA LOGGER.INFO: Slim-Skeleton '/' route [] {"uid":"a209a05"}
[2021-02-05 00:30:02] UTN FRA LOGGER.INFO: metodo=POST, URI=http%3A%2F%2Flocalhost%2FComanda%2Fpublic, RUTA=%2F, autoridad=localhost [] {"uid":"c28bbcb"}
[2021-02-05 00:30:12] UTN FRA LOGGER.INFO: metodo=GET, URI=http%3A%2F%2Flocalhost%2FComanda%2Fpublic, RUTA=%2F, autoridad=localhost [] {"uid":"8e0d7c5"}
[2021-02-05 00:30:12] UTN FRA LOGGER.INFO: Slim-Skeleton '/' route [] {"uid":"8e0d7c5"}
[2021-02-05 00:33:47] UTN FRA LOGGER.INFO: metodo=GET, URI=http%3A%2F%2Flocalhost%2FComanda%2Fpublic, RUTA=prueba, autoridad=localhost [] {"uid":"7b1aaed"}
[2021-02-05 00:33:47] UTN FRA LOGGER.INFO: Slim-Skeleton '/' route [] {"uid":"7b1aaed"}
[2021-02-05 00:34:00] UTN FRA LOGGER.INFO: metodo=GET, URI=http%3A%2F%2Flocalhost%2FComanda%2Fpublic, RUTA=prueba, autoridad=localhost [] {"uid":"453849e"}
[2021-02-05 00:34:00] UTN FRA LOGGER.INFO: Slim-Skeleton '/' route [] {"uid":"453849e"}
[2021-02-05 00:35:01] UTN FRA LOGGER.INFO: metodo=POST, URI=http%3A%2F%2Flocalhost%2FComanda%2Fpublic, RUTA=prueba, autoridad=localhost [] {"uid":"56ce3bd"}
[2021-02-05 00:35:33] UTN FRA LOGGER.INFO: metodo=POST, URI=http%3A%2F%2Flocalhost%2FComanda%2Fpublic, RUTA=prueba, autoridad=localhost [] {"uid":"2c3540a"}
[2021-02-05 00:36:35] UTN FRA LOGGER.INFO: metodo=POST, URI=http%3A%2F%2Flocalhost%2FComanda%2Fpublic, RUTA=prueba, autoridad=localhost [] {"uid":"9f88c0c"}
[2021-02-05 00:36:40] UTN FRA LOGGER.INFO: metodo=GET, URI=http%3A%2F%2Flocalhost%2FComanda%2Fpublic, RUTA=prueba, autoridad=localhost [] {"uid":"0cf6bd5"}
[2021-02-05 00:36:40] UTN FRA LOGGER.INFO: Slim-Skeleton '/' route [] {"uid":"0cf6bd5"}
[2021-02-05 00:36:52] UTN FRA LOGGER.INFO: metodo=POST, URI=http%3A%2F%2Flocalhost%2FComanda%2Fpublic, RUTA=prueba, autoridad=localhost [] {"uid":"b85b81d"}
[2021-02-05 00:37:06] UTN FRA LOGGER.INFO: metodo=POST, URI=http%3A%2F%2Flocalhost%2FComanda%2Fpublic, RUTA=prueba, autoridad=localhost [] {"uid":"411a124"}
[2021-02-05 00:37:32] UTN FRA LOGGER.INFO: metodo=POST, URI=http%3A%2F%2Flocalhost%2FComanda%2Fpublic, RUTA=empleado%2Fprueba, autoridad=localhost [] {"uid":"1488618"}
[2021-02-05 00:37:55] UTN FRA LOGGER.INFO: metodo=POST, URI=http%3A%2F%2Flocalhost%2FComanda%2Fpublic, RUTA=empleado%2Fprueba, autoridad=localhost [] {"uid":"a56d3be"}
[2021-02-05 00:38:11] UTN FRA LOGGER.INFO: metodo=POST, URI=http%3A%2F%2Flocalhost%2FComanda%2Fpublic, RUTA=empleado%2Fprueba, autoridad=localhost [] {"uid":"8dccc2e"}
[2021-02-05 00:38:59] UTN FRA LOGGER.INFO: metodo=POST, URI=http%3A%2F%2Flocalhost%2FComanda%2Fpublic, RUTA=empleado%2Fprueba, autoridad=localhost [] {"uid":"70c7e9e"}
[2021-02-05 00:40:22] UTN FRA LOGGER.INFO: metodo=POST, URI=http%3A%2F%2Flocalhost%2FComanda%2Fpublic, RUTA=empleado%2Fprueba, autoridad=localhost [] {"uid":"50622fa"}
[2021-02-05 00:44:51] UTN FRA LOGGER.INFO: metodo=POST, URI=http%3A%2F%2Flocalhost%2FComanda%2Fpublic, RUTA=empleado%2Falta, autoridad=localhost [] {"uid":"ad21ed1"}
[2021-02-05 00:45:59] UTN FRA LOGGER.INFO: metodo=POST, URI=http%3A%2F%2Flocalhost%2FComanda%2Fpublic, RUTA=pedido%2Festadopedido, autoridad=localhost [] {"uid":"f18cb28"}
[2021-02-05 00:46:13] UTN FRA LOGGER.INFO: metodo=POST, URI=http%3A%2F%2Flocalhost%2FComanda%2Fpublic, RUTA=pedido%2Festadopedido, autoridad=localhost [] {"uid":"87d7adc"}
[2021-02-05 00:46:20] UTN FRA LOGGER.INFO: metodo=POST, URI=http%3A%2F%2Flocalhost%2FComanda%2Fpublic, RUTA=pedido%2Festadopedido, autoridad=localhost [] {"uid":"8fec0d6"}
[2021-02-05 00:46:25] UTN FRA LOGGER.INFO: metodo=POST, URI=http%3A%2F%2Flocalhost%2FComanda%2Fpublic, RUTA=pedido%2Festadopedido, autoridad=localhost [] {"uid":"d85c76a"}
[2021-02-05 00:46:39] UTN FRA LOGGER.INFO: metodo=POST, URI=http%3A%2F%2Flocalhost%2FComanda%2Fpublic, RUTA=empleado%2Falta, autoridad=localhost [] {"uid":"4b372bb"}
[2021-02-05 00:49:59] UTN FRA LOGGER.INFO: metodo=POST, URI=https%3A%2F%2Flocalhost%2FComanda%2Fpublic, RUTA=empleado%2Flogin, autoridad=localhost [] {"uid":"a9fb2f8"}
[2021-02-05 00:50:15] UTN FRA LOGGER.INFO: metodo=POST, URI=https%3A%2F%2Flocalhost%2FComanda%2Fpublic, RUTA=empleado%2Flogin, autoridad=localhost [] {"uid":"d504ed8"}
[2021-02-05 00:51:49] UTN FRA LOGGER.INFO: metodo=POST, URI=http%3A%2F%2Flocalhost%2FComanda%2Fpublic, RUTA=empleado%2Falta, autoridad=localhost [] {"uid":"3124510"}
[2021-02-05 00:53:52] UTN FRA LOGGER.INFO: metodo=POST, URI=http%3A%2F%2Flocalhost%2FComanda%2Fpublic, RUTA=empleado%2Falta, autoridad=localhost [] {"uid":"ebaced2"}
[2021-02-05 00:56:05] UTN FRA LOGGER.INFO: metodo=POST, URI=http%3A%2F%2Flocalhost%2FComanda%2Fpublic, RUTA=pedido%2Falta, autoridad=localhost [] {"uid":"09d4f6e"}
[2021-02-05 23:22:37] UTN FRA LOGGER.INFO: metodo=POST, URI=http%3A%2F%2Flocalhost%2FComanda%2Fpublic, RUTA=estadisticas%2Fempleados, autoridad=localhost [] {"uid":"bc04e32"}
[2021-02-05 23:31:04] UTN FRA LOGGER.INFO: metodo=POST, URI=http%3A%2F%2Flocalhost%2FComanda%2Fpublic, RUTA=estadisticas%2Fempleados, autoridad=localhost [] {"uid":"95050fe"}
[2021-02-05 23:31:26] UTN FRA LOGGER.INFO: metodo=POST, URI=http%3A%2F%2Flocalhost%2FComanda%2Fpublic, RUTA=estadisticas%2Fempleados, autoridad=localhost [] {"uid":"c252305"}
[2021-02-05 23:33:19] UTN FRA LOGGER.INFO: metodo=POST, URI=http%3A%2F%2Flocalhost%2FComanda%2Fpublic, RUTA=estadisticas%2Fempleados, autoridad=localhost [] {"uid":"297f8d2"}
[2021-02-05 23:34:01] UTN FRA LOGGER.INFO: metodo=POST, URI=http%3A%2F%2Flocalhost%2FComanda%2Fpublic, RUTA=estadisticas%2Fempleados, autoridad=localhost [] {"uid":"259bb10"}
[2021-02-05 23:34:41] UTN FRA LOGGER.INFO: metodo=POST, URI=http%3A%2F%2Flocalhost%2FComanda%2Fpublic, RUTA=estadisticas%2Fempleados, autoridad=localhost [] {"uid":"870f138"}
[2021-02-05 23:35:11] UTN FRA LOGGER.INFO: metodo=POST, URI=http%3A%2F%2Flocalhost%2FComanda%2Fpublic, RUTA=estadisticas%2Fempleados, autoridad=localhost [] {"uid":"6ef578c"}
[2021-02-05 23:36:00] UTN FRA LOGGER.INFO: metodo=POST, URI=http%3A%2F%2Flocalhost%2FComanda%2Fpublic, RUTA=estadisticas%2Fempleados, autoridad=localhost [] {"uid":"322cc4a"}
[2021-02-05 23:36:29] UTN FRA LOGGER.INFO: metodo=POST, URI=http%3A%2F%2Flocalhost%2FComanda%2Fpublic, RUTA=estadisticas%2Fempleados, autoridad=localhost [] {"uid":"3277c20"}
[2021-02-05 23:36:53] UTN FRA LOGGER.INFO: metodo=POST, URI=http%3A%2F%2Flocalhost%2FComanda%2Fpublic, RUTA=estadisticas%2Fempleados, autoridad=localhost [] {"uid":"119a53b"}
[2021-02-05 23:41:11] UTN FRA LOGGER.INFO: metodo=POST, URI=http%3A%2F%2Flocalhost%2FComanda%2Fpublic, RUTA=estadisticas%2Fempleados, autoridad=localhost [] {"uid":"3f4c294"}
[2021-02-05 23:42:04] UTN FRA LOGGER.INFO: metodo=POST, URI=http%3A%2F%2Flocalhost%2FComanda%2Fpublic, RUTA=estadisticas%2Fempleados, autoridad=localhost [] {"uid":"32924d0"}
[2021-02-05 23:42:23] UTN FRA LOGGER.INFO: metodo=POST, URI=http%3A%2F%2Flocalhost%2FComanda%2Fpublic, RUTA=estadisticas%2Fempleados, autoridad=localhost [] {"uid":"8d7d552"}
[2021-02-05 23:44:13] UTN FRA LOGGER.INFO: metodo=POST, URI=http%3A%2F%2Flocalhost%2FComanda%2Fpublic, RUTA=estadisticas%2Fempleados, autoridad=localhost [] {"uid":"a50edeb"}
[2021-02-05 23:48:01] UTN FRA LOGGER.INFO: metodo=POST, URI=http%3A%2F%2Flocalhost%2FComanda%2Fpublic, RUTA=estadisticas%2Fempleados, autoridad=localhost [] {"uid":"9aa9d6d"}
[2021-02-05 23:48:13] UTN FRA LOGGER.INFO: metodo=POST, URI=http%3A%2F%2Flocalhost%2FComanda%2Fpublic, RUTA=estadisticas%2Fempleados, autoridad=localhost [] {"uid":"70aad32"}
[2021-02-05 23:48:31] UTN FRA LOGGER.INFO: metodo=POST, URI=http%3A%2F%2Flocalhost%2FComanda%2Fpublic, RUTA=estadisticas%2Fempleados, autoridad=localhost [] {"uid":"3689166"}
[2021-02-05 23:49:47] UTN FRA LOGGER.INFO: metodo=POST, URI=http%3A%2F%2Flocalhost%2FComanda%2Fpublic, RUTA=estadisticas%2Fempleados, autoridad=localhost [] {"uid":"e5d4528"}
[2021-02-05 23:49:59] UTN FRA LOGGER.INFO: metodo=POST, URI=http%3A%2F%2Flocalhost%2FComanda%2Fpublic, RUTA=estadisticas%2Fempleados, autoridad=localhost [] {"uid":"a73c480"}
[2021-02-05 23:54:14] UTN FRA LOGGER.INFO: metodo=POST, URI=http%3A%2F%2Flocalhost%2FComanda%2Fpublic, RUTA=estadisticas%2Fempleados, autoridad=localhost [] {"uid":"7a05cbd"}
[2021-02-05 23:55:14] UTN FRA LOGGER.INFO: metodo=POST, URI=http%3A%2F%2Flocalhost%2FComanda%2Fpublic, RUTA=estadisticas%2Fempleados, autoridad=localhost [] {"uid":"417eac7"}
[2021-02-05 23:55:53] UTN FRA LOGGER.INFO: metodo=POST, URI=http%3A%2F%2Flocalhost%2FComanda%2Fpublic, RUTA=estadisticas%2Fempleados, autoridad=localhost [] {"uid":"b15ac03"}
[2021-02-05 23:56:07] UTN FRA LOGGER.INFO: metodo=POST, URI=http%3A%2F%2Flocalhost%2FComanda%2Fpublic, RUTA=estadisticas%2Fempleados, autoridad=localhost [] {"uid":"b2da1d8"}
[2021-02-05 23:56:44] UTN FRA LOGGER.INFO: metodo=POST, URI=http%3A%2F%2Flocalhost%2FComanda%2Fpublic, RUTA=estadisticas%2Fempleados, autoridad=localhost [] {"uid":"d3fb8e3"}
[2021-02-05 23:57:08] UTN FRA LOGGER.INFO: metodo=POST, URI=http%3A%2F%2Flocalhost%2FComanda%2Fpublic, RUTA=estadisticas%2Fempleados, autoridad=localhost [] {"uid":"8ae1802"}
[2021-02-05 23:57:35] UTN FRA LOGGER.INFO: metodo=POST, URI=http%3A%2F%2Flocalhost%2FComanda%2Fpublic, RUTA=estadisticas%2Fempleados, autoridad=localhost [] {"uid":"6bb3587"}
[2021-02-05 23:57:45] UTN FRA LOGGER.INFO: metodo=POST, URI=http%3A%2F%2Flocalhost%2FComanda%2Fpublic, RUTA=estadisticas%2Fempleados, autoridad=localhost [] {"uid":"1405c97"}
[2021-02-05 23:58:01] UTN FRA LOGGER.INFO: metodo=POST, URI=http%3A%2F%2Flocalhost%2FComanda%2Fpublic, RUTA=estadisticas%2Fempleados, autoridad=localhost [] {"uid":"9d10d6c"}
[2021-02-05 23:58:13] UTN FRA LOGGER.INFO: metodo=POST, URI=http%3A%2F%2Flocalhost%2FComanda%2Fpublic, RUTA=estadisticas%2Fempleados, autoridad=localhost [] {"uid":"5701c28"}
[2021-02-05 23:58:22] UTN FRA LOGGER.INFO: metodo=POST, URI=http%3A%2F%2Flocalhost%2FComanda%2Fpublic, RUTA=estadisticas%2Fempleados, autoridad=localhost [] {"uid":"0afa902"}
[2021-02-06 00:01:30] UTN FRA LOGGER.INFO: metodo=POST, URI=http%3A%2F%2Flocalhost%2FComanda%2Fpublic, RUTA=estadisticas%2Fempleados, autoridad=localhost [] {"uid":"fb472a2"}
[2021-02-06 00:02:06] UTN FRA LOGGER.INFO: metodo=POST, URI=http%3A%2F%2Flocalhost%2FComanda%2Fpublic, RUTA=estadisticas%2Fempleados, autoridad=localhost [] {"uid":"b1f5e17"}
[2021-02-06 00:02:36] UTN FRA LOGGER.INFO: metodo=POST, URI=http%3A%2F%2Flocalhost%2FComanda%2Fpublic, RUTA=estadisticas%2Fempleados, autoridad=localhost [] {"uid":"e78b5c8"}
[2021-02-06 00:02:44] UTN FRA LOGGER.INFO: metodo=POST, URI=http%3A%2F%2Flocalhost%2FComanda%2Fpublic, RUTA=estadisticas%2Fempleados, autoridad=localhost [] {"uid":"eb05562"}
[2021-02-06 00:02:54] UTN FRA LOGGER.INFO: metodo=POST, URI=http%3A%2F%2Flocalhost%2FComanda%2Fpublic, RUTA=estadisticas%2Fempleados, autoridad=localhost [] {"uid":"d125962"}
[2021-02-06 00:03:05] UTN FRA LOGGER.INFO: metodo=POST, URI=http%3A%2F%2Flocalhost%2FComanda%2Fpublic, RUTA=estadisticas%2Fempleados, autoridad=localhost [] {"uid":"9161011"}
[2021-02-06 00:23:51] UTN FRA LOGGER.INFO: metodo=POST, URI=http%3A%2F%2Flocalhost%2FComanda%2Fpublic, RUTA=estadisticas%2Fempleados, autoridad=localhost [] {"uid":"461a856"}
[2021-02-06 00:24:00] UTN FRA LOGGER.INFO: metodo=POST, URI=http%3A%2F%2Flocalhost%2FComanda%2Fpublic, RUTA=estadisticas%2Fempleados, autoridad=localhost [] {"uid":"bc42153"}
[2021-02-06 00:36:40] UTN FRA LOGGER.INFO: metodo=POST, URI=http%3A%2F%2Flocalhost%2FComanda%2Fpublic, RUTA=empleados%2Flistado, autoridad=localhost [] {"uid":"85e77e4"}
[2021-02-06 00:37:04] UTN FRA LOGGER.INFO: metodo=POST, URI=http%3A%2F%2Flocalhost%2FComanda%2Fpublic, RUTA=empleados%2Flistado, autoridad=localhost [] {"uid":"7276c50"}
[2021-02-06 00:37:18] UTN FRA LOGGER.INFO: metodo=POST, URI=http%3A%2F%2Flocalhost%2FComanda%2Fpublic, RUTA=empleados%2Flistado, autoridad=localhost [] {"uid":"428522b"}
[2021-02-06 00:37:37] UTN FRA LOGGER.INFO: metodo=POST, URI=http%3A%2F%2Flocalhost%2FComanda%2Fpublic, RUTA=empleado%2Flistado, autoridad=localhost [] {"uid":"4b8124a"}
[2021-02-06 00:38:09] UTN FRA LOGGER.INFO: metodo=POST, URI=http%3A%2F%2Flocalhost%2FComanda%2Fpublic, RUTA=empleado%2Flistado, autoridad=localhost [] {"uid":"59ac136"}
[2021-02-06 00:39:11] UTN FRA LOGGER.INFO: metodo=POST, URI=http%3A%2F%2Flocalhost%2FComanda%2Fpublic, RUTA=empleado%2Flistado, autoridad=localhost [] {"uid":"adfddd5"}
[2021-02-06 00:44:38] UTN FRA LOGGER.INFO: metodo=POST, URI=http%3A%2F%2Flocalhost%2FComanda%2Fpublic, RUTA=empleado%2Flistado, autoridad=localhost [] {"uid":"e274756"}
[2021-02-06 00:44:52] UTN FRA LOGGER.INFO: metodo=POST, URI=http%3A%2F%2Flocalhost%2FComanda%2Fpublic, RUTA=empleado%2Flistado, autoridad=localhost [] {"uid":"0eeb372"}
[2021-02-06 00:45:54] UTN FRA LOGGER.INFO: metodo=POST, URI=http%3A%2F%2Flocalhost%2FComanda%2Fpublic, RUTA=empleado%2Flistado, autoridad=localhost [] {"uid":"401c445"}
[2021-02-06 00:46:34] UTN FRA LOGGER.INFO: metodo=POST, URI=http%3A%2F%2Flocalhost%2FComanda%2Fpublic, RUTA=empleado%2Flistado, autoridad=localhost [] {"uid":"bb27f46"}
[2021-02-06 00:46:45] UTN FRA LOGGER.INFO: metodo=POST, URI=http%3A%2F%2Flocalhost%2FComanda%2Fpublic, RUTA=empleado%2Flistado, autoridad=localhost [] {"uid":"6c90e0e"}
[2021-02-06 00:48:33] UTN FRA LOGGER.INFO: metodo=POST, URI=http%3A%2F%2Flocalhost%2FComanda%2Fpublic, RUTA=empleado%2Flistado, autoridad=localhost [] {"uid":"0446bcf"}
[2021-02-06 00:49:19] UTN FRA LOGGER.INFO: metodo=POST, URI=http%3A%2F%2Flocalhost%2FComanda%2Fpublic, RUTA=empleado%2Flistado, autoridad=localhost [] {"uid":"3095eb4"}
[2021-02-06 01:07:54] UTN FRA LOGGER.INFO: metodo=POST, URI=http%3A%2F%2Flocalhost%2FComanda%2Fpublic, RUTA=empleado%2Flistado, autoridad=localhost [] {"uid":"2ad5029"}
[2021-02-06 01:08:03] UTN FRA LOGGER.INFO: metodo=POST, URI=http%3A%2F%2Flocalhost%2FComanda%2Fpublic, RUTA=estadisticas%2Fempleados, autoridad=localhost [] {"uid":"11a7690"}
[2021-02-06 01:08:15] UTN FRA LOGGER.INFO: metodo=POST, URI=http%3A%2F%2Flocalhost%2FComanda%2Fpublic, RUTA=estadisticas%2Fempleados, autoridad=localhost [] {"uid":"7c68a9a"}
[2021-02-08 23:12:35] UTN FRA LOGGER.INFO: metodo=POST, URI=https%3A%2F%2Flocalhost%2FComanda%2Fpublic, RUTA=empleado%2Flogin, autoridad=localhost [] {"uid":"415df45"}
[2021-02-08 23:13:20] UTN FRA LOGGER.INFO: metodo=POST, URI=https%3A%2F%2Flocalhost%2FComanda%2Fpublic, RUTA=empleado%2Flogin, autoridad=localhost [] {"uid":"f1ddaee"}
[2021-02-08 23:13:48] UTN FRA LOGGER.INFO: metodo=POST, URI=https%3A%2F%2Flocalhost%2FComanda%2Fpublic, RUTA=empleado%2Flogin, autoridad=localhost [] {"uid":"11c1ecd"}
[2021-02-08 23:14:35] UTN FRA LOGGER.INFO: metodo=POST, URI=https%3A%2F%2Flocalhost%2FComanda%2Fpublic, RUTA=empleado%2Flogin, autoridad=localhost [] {"uid":"85c712a"}
[2021-02-08 23:15:35] UTN FRA LOGGER.INFO: metodo=POST, URI=https%3A%2F%2Flocalhost%2FComanda%2Fpublic, RUTA=empleado%2Flogin, autoridad=localhost [] {"uid":"e5b270a"}
[2021-02-08 23:16:09] UTN FRA LOGGER.INFO: metodo=POST, URI=https%3A%2F%2Flocalhost%2FComanda%2Fpublic, RUTA=empleado%2Flogin, autoridad=localhost [] {"uid":"84a6974"}
[2021-02-08 23:18:30] UTN FRA LOGGER.INFO: metodo=POST, URI=https%3A%2F%2Flocalhost%2FComanda%2Fpublic, RUTA=empleado%2Flogin, autoridad=localhost [] {"uid":"9781260"}
[2021-02-08 23:18:50] UTN FRA LOGGER.INFO: metodo=POST, URI=https%3A%2F%2Flocalhost%2FComanda%2Fpublic, RUTA=empleado%2Flogin, autoridad=localhost [] {"uid":"49326ff"}
[2021-02-08 23:33:25] UTN FRA LOGGER.INFO: metodo=POST, URI=https%3A%2F%2Flocalhost%2FComanda%2Fpublic, RUTA=empleado%2Falta, autoridad=localhost [] {"uid":"d867d6b"}
[2021-02-08 23:34:38] UTN FRA LOGGER.INFO: metodo=POST, URI=https%3A%2F%2Flocalhost%2FComanda%2Fpublic, RUTA=empleado%2Falta, autoridad=localhost [] {"uid":"41e799f"}
[2021-02-08 23:34:45] UTN FRA LOGGER.INFO: metodo=POST, URI=https%3A%2F%2Flocalhost%2FComanda%2Fpublic, RUTA=empleado%2Falta, autoridad=localhost [] {"uid":"cb4946e"}
[2021-02-08 23:34:48] UTN FRA LOGGER.INFO: metodo=POST, URI=https%3A%2F%2Flocalhost%2FComanda%2Fpublic, RUTA=empleado%2Falta, autoridad=localhost [] {"uid":"21db371"}
[2021-02-08 23:39:59] UTN FRA LOGGER.INFO: metodo=POST, URI=https%3A%2F%2Flocalhost%2FComanda%2Fpublic, RUTA=empleado%2Falta, autoridad=localhost [] {"uid":"0c580d1"}
[2021-02-08 23:40:02] UTN FRA LOGGER.INFO: metodo=POST, URI=https%3A%2F%2Flocalhost%2FComanda%2Fpublic, RUTA=empleado%2Falta, autoridad=localhost [] {"uid":"73f3650"}
[2021-02-08 23:40:04] UTN FRA LOGGER.INFO: metodo=POST, URI=https%3A%2F%2Flocalhost%2FComanda%2Fpublic, RUTA=empleado%2Falta, autoridad=localhost [] {"uid":"caf7e02"}
[2021-02-08 23:40:05] UTN FRA LOGGER.INFO: metodo=POST, URI=https%3A%2F%2Flocalhost%2FComanda%2Fpublic, RUTA=empleado%2Falta, autoridad=localhost [] {"uid":"e532d82"}
[2021-02-08 23:40:16] UTN FRA LOGGER.INFO: metodo=POST, URI=https%3A%2F%2Flocalhost%2FComanda%2Fpublic, RUTA=empleado%2Falta, autoridad=localhost [] {"uid":"e326dab"}
[2021-02-08 23:40:59] UTN FRA LOGGER.INFO: metodo=POST, URI=https%3A%2F%2Flocalhost%2FComanda%2Fpublic, RUTA=empleado%2Falta, autoridad=localhost [] {"uid":"297f3e5"}
[2021-02-08 23:41:34] UTN FRA LOGGER.INFO: metodo=POST, URI=https%3A%2F%2Flocalhost%2FComanda%2Fpublic, RUTA=empleado%2Falta, autoridad=localhost [] {"uid":"965dba7"}
[2021-02-08 23:41:38] UTN FRA LOGGER.INFO: metodo=POST, URI=https%3A%2F%2Flocalhost%2FComanda%2Fpublic, RUTA=empleado%2Falta, autoridad=localhost [] {"uid":"826cda9"}
[2021-02-08 23:41:45] UTN FRA LOGGER.INFO: metodo=POST, URI=https%3A%2F%2Flocalhost%2FComanda%2Fpublic, RUTA=empleado%2Falta, autoridad=localhost [] {"uid":"25d69cc"}
[2021-02-09 01:04:22] UTN FRA LOGGER.INFO: metodo=POST, URI=https%3A%2F%2Flocalhost%2FComanda%2Fpublic, RUTA=empleado%2Flogin, autoridad=localhost [] {"uid":"a8bb450"}
[2021-02-09 01:04:49] UTN FRA LOGGER.INFO: metodo=POST, URI=https%3A%2F%2Flocalhost%2FComanda%2Fpublic, RUTA=empleado%2Flogin, autoridad=localhost [] {"uid":"7b7ec58"}
[2021-02-09 01:04:53] UTN FRA LOGGER.INFO: metodo=POST, URI=https%3A%2F%2Flocalhost%2FComanda%2Fpublic, RUTA=empleado%2Flogin, autoridad=localhost [] {"uid":"1deed8f"}
[2021-02-09 02:56:36] UTN FRA LOGGER.INFO: metodo=POST, URI=http%3A%2F%2Flocalhost%2FComanda%2Fpublic, RUTA=cervecero%2Flistado, autoridad=localhost [] {"uid":"93297c2"}
[2021-02-09 03:01:07] UTN FRA LOGGER.INFO: metodo=POST, URI=http%3A%2F%2Flocalhost%2FComanda%2Fpublic, RUTA=pedido%2Falta, autoridad=localhost [] {"uid":"a91aba9"}
[2021-02-09 03:01:28] UTN FRA LOGGER.INFO: metodo=POST, URI=http%3A%2F%2Flocalhost%2FComanda%2Fpublic, RUTA=pedido%2Falta, autoridad=localhost [] {"uid":"db1f8d8"}
[2021-02-09 03:01:37] UTN FRA LOGGER.INFO: metodo=POST, URI=http%3A%2F%2Flocalhost%2FComanda%2Fpublic, RUTA=pedido%2Falta, autoridad=localhost [] {"uid":"fbe86b3"}
[2021-02-09 03:02:10] UTN FRA LOGGER.INFO: metodo=POST, URI=http%3A%2F%2Flocalhost%2FComanda%2Fpublic, RUTA=pedido%2Fempleado%2Flogin, autoridad=localhost [] {"uid":"659c74e"}
[2021-02-09 03:02:19] UTN FRA LOGGER.INFO: metodo=POST, URI=http%3A%2F%2Flocalhost%2FComanda%2Fpublic, RUTA=empleado%2Flogin, autoridad=localhost [] {"uid":"03aecc3"}
[2021-02-09 03:02:29] UTN FRA LOGGER.INFO: metodo=POST, URI=http%3A%2F%2Flocalhost%2FComanda%2Fpublic, RUTA=cervecero%2Flistado, autoridad=localhost [] {"uid":"2e89f4b"}
[2021-02-09 03:03:48] UTN FRA LOGGER.INFO: metodo=POST, URI=http%3A%2F%2Flocalhost%2FComanda%2Fpublic, RUTA=cervecero%2Flistado, autoridad=localhost [] {"uid":"b4424c2"}
[2021-02-09 03:04:09] UTN FRA LOGGER.INFO: metodo=POST, URI=http%3A%2F%2Flocalhost%2FComanda%2Fpublic, RUTA=cervecero%2Flistado, autoridad=localhost [] {"uid":"464a68d"}
[2021-05-06 23:24:48] UTN FRA LOGGER.INFO: metodo=POST, URI=http%3A%2F%2Flocalhost%2FComanda%2Fpublic, RUTA=empleado%2Flogin, autoridad=localhost [] {"uid":"27ca5b3"}
[2021-05-12 02:00:09] UTN FRA LOGGER.INFO: metodo=POST, URI=https%3A%2F%2Flocalhost%2FComanda%2Fpublic, RUTA=empleado%2Flogin, autoridad=localhost [] {"uid":"516ae1b"}
[2021-05-12 02:01:04] UTN FRA LOGGER.INFO: metodo=POST, URI=http%3A%2F%2Flocalhost%2FComanda%2Fpublic, RUTA=pedido%2Falta, autoridad=localhost [] {"uid":"6a1e1c2"}
[2021-05-12 02:01:44] UTN FRA LOGGER.INFO: metodo=POST, URI=https%3A%2F%2Flocalhost%2FComanda%2Fpublic, RUTA=empleado%2Flogin, autoridad=localhost [] {"uid":"62074fd"}
[2021-05-12 02:02:06] UTN FRA LOGGER.INFO: metodo=POST, URI=https%3A%2F%2Flocalhost%2FComanda%2Fpublic, RUTA=empleado%2Flogin, autoridad=localhost [] {"uid":"30bca53"}
[2021-05-12 02:02:22] UTN FRA LOGGER.INFO: metodo=POST, URI=http%3A%2F%2Flocalhost%2FComanda%2Fpublic, RUTA=pedido%2Falta, autoridad=localhost [] {"uid":"53c98b5"}
[2021-05-12 02:03:52] UTN FRA LOGGER.INFO: metodo=POST, URI=http%3A%2F%2Flocalhost%2FComanda%2Fpublic, RUTA=pedido%2Falta, autoridad=localhost [] {"uid":"81abc92"}
[2021-05-12 02:04:07] UTN FRA LOGGER.INFO: metodo=POST, URI=http%3A%2F%2Flocalhost%2FComanda%2Fpublic, RUTA=pedido%2Falta, autoridad=localhost [] {"uid":"4ebc6b6"}
[2021-05-12 02:04:53] UTN FRA LOGGER.INFO: metodo=POST, URI=http%3A%2F%2Flocalhost%2FComanda%2Fpublic, RUTA=pedido%2Falta, autoridad=localhost [] {"uid":"b0094cd"}
[2021-05-12 02:05:36] UTN FRA LOGGER.INFO: metodo=POST, URI=http%3A%2F%2Flocalhost%2FComanda%2Fpublic, RUTA=pedido%2Falta, autoridad=localhost [] {"uid":"0aa4a25"}
[2021-05-12 02:05:52] UTN FRA LOGGER.INFO: metodo=POST, URI=http%3A%2F%2Flocalhost%2FComanda%2Fpublic, RUTA=pedido%2Falta, autoridad=localhost [] {"uid":"b3bc700"}
[2021-05-12 02:07:01] UTN FRA LOGGER.INFO: metodo=POST, URI=http%3A%2F%2Flocalhost%2FComanda%2Fpublic, RUTA=pedido%2Falta, autoridad=localhost [] {"uid":"0b30fc5"}
[2021-05-12 02:07:45] UTN FRA LOGGER.INFO: metodo=POST, URI=http%3A%2F%2Flocalhost%2FComanda%2Fpublic, RUTA=pedido%2Falta, autoridad=localhost [] {"uid":"e433cf5"}
[2021-05-12 02:33:09] UTN FRA LOGGER.INFO: metodo=POST, URI=http%3A%2F%2Flocalhost%2FComanda%2Fpublic, RUTA=pedido%2Falta, autoridad=localhost [] {"uid":"3eb0453"}
[2021-05-12 02:35:34] UTN FRA LOGGER.INFO: metodo=POST, URI=http%3A%2F%2Flocalhost%2FComanda%2Fpublic, RUTA=pedido%2Falta, autoridad=localhost [] {"uid":"392f2c6"}
[2021-05-12 02:35:50] UTN FRA LOGGER.INFO: metodo=POST, URI=http%3A%2F%2Flocalhost%2FComanda%2Fpublic, RUTA=pedido%2Falta, autoridad=localhost [] {"uid":"79494a3"}
[2021-05-12 02:36:21] UTN FRA LOGGER.INFO: metodo=POST, URI=http%3A%2F%2Flocalhost%2FComanda%2Fpublic, RUTA=pedido%2Falta, autoridad=localhost [] {"uid":"0e835ce"}
[2021-05-12 02:36:42] UTN FRA LOGGER.INFO: metodo=POST, URI=http%3A%2F%2Flocalhost%2FComanda%2Fpublic, RUTA=pedido%2Falta, autoridad=localhost [] {"uid":"bf61a78"}
[2021-05-12 02:37:09] UTN FRA LOGGER.INFO: metodo=POST, URI=http%3A%2F%2Flocalhost%2FComanda%2Fpublic, RUTA=pedido%2Falta, autoridad=localhost [] {"uid":"27bb77d"}
[2021-05-12 02:37:42] UTN FRA LOGGER.INFO: metodo=POST, URI=http%3A%2F%2Flocalhost%2FComanda%2Fpublic, RUTA=pedido%2Falta, autoridad=localhost [] {"uid":"cbf572c"}
[2021-05-12 02:38:28] UTN FRA LOGGER.INFO: metodo=POST, URI=http%3A%2F%2Flocalhost%2FComanda%2Fpublic, RUTA=pedido%2Falta, autoridad=localhost [] {"uid":"53f2e84"}
[2021-05-12 02:39:16] UTN FRA LOGGER.INFO: metodo=POST, URI=http%3A%2F%2Flocalhost%2FComanda%2Fpublic, RUTA=pedido%2Falta, autoridad=localhost [] {"uid":"311d233"}
[2021-05-12 02:39:57] UTN FRA LOGGER.INFO: metodo=POST, URI=http%3A%2F%2Flocalhost%2FComanda%2Fpublic, RUTA=pedido%2Falta, autoridad=localhost [] {"uid":"081f031"}
[2021-05-12 02:40:10] UTN FRA LOGGER.INFO: metodo=POST, URI=http%3A%2F%2Flocalhost%2FComanda%2Fpublic, RUTA=pedido%2Falta, autoridad=localhost [] {"uid":"c7bcb17"}
[2021-05-12 02:40:37] UTN FRA LOGGER.INFO: metodo=POST, URI=http%3A%2F%2Flocalhost%2FComanda%2Fpublic, RUTA=pedido%2Falta, autoridad=localhost [] {"uid":"939f877"}
[2021-05-12 02:40:48] UTN FRA LOGGER.INFO: metodo=POST, URI=http%3A%2F%2Flocalhost%2FComanda%2Fpublic, RUTA=pedido%2Falta, autoridad=localhost [] {"uid":"25a21d2"}
[2021-05-12 02:42:03] UTN FRA LOGGER.INFO: metodo=POST, URI=http%3A%2F%2Flocalhost%2FComanda%2Fpublic, RUTA=pedido%2Falta, autoridad=localhost [] {"uid":"78aa2bc"}
[2021-05-12 02:42:29] UTN FRA LOGGER.INFO: metodo=POST, URI=http%3A%2F%2Flocalhost%2FComanda%2Fpublic, RUTA=pedido%2Falta, autoridad=localhost [] {"uid":"4080e32"}
[2021-05-12 02:43:00] UTN FRA LOGGER.INFO: metodo=POST, URI=http%3A%2F%2Flocalhost%2FComanda%2Fpublic, RUTA=pedido%2Falta, autoridad=localhost [] {"uid":"f3f7e79"}
[2021-05-12 02:43:34] UTN FRA LOGGER.INFO: metodo=POST, URI=http%3A%2F%2Flocalhost%2FComanda%2Fpublic, RUTA=pedido%2Falta, autoridad=localhost [] {"uid":"facd232"}
[2021-05-12 02:44:01] UTN FRA LOGGER.INFO: metodo=POST, URI=http%3A%2F%2Flocalhost%2FComanda%2Fpublic, RUTA=pedido%2Falta, autoridad=localhost [] {"uid":"cea51a5"}
[2021-05-12 02:44:18] UTN FRA LOGGER.INFO: metodo=POST, URI=http%3A%2F%2Flocalhost%2FComanda%2Fpublic, RUTA=pedido%2Falta, autoridad=localhost [] {"uid":"717e103"}
[2021-05-12 02:44:29] UTN FRA LOGGER.INFO: metodo=POST, URI=http%3A%2F%2Flocalhost%2FComanda%2Fpublic, RUTA=pedido%2Falta, autoridad=localhost [] {"uid":"eb4df4e"}
[2021-05-12 02:45:49] UTN FRA LOGGER.INFO: metodo=POST, URI=http%3A%2F%2Flocalhost%2FComanda%2Fpublic, RUTA=pedido%2Festadopedido, autoridad=localhost [] {"uid":"ceb9050"}
[2021-05-12 02:45:59] UTN FRA LOGGER.INFO: metodo=POST, URI=http%3A%2F%2Flocalhost%2FComanda%2Fpublic, RUTA=pedido%2Festadopedido, autoridad=localhost [] {"uid":"70c4c20"}
[2021-05-12 02:58:28] UTN FRA LOGGER.INFO: metodo=POST, URI=http%3A%2F%2Flocalhost%2FComanda%2Fpublic, RUTA=pedido%2Falta, autoridad=localhost [] {"uid":"6c33789"}
[2021-05-12 02:59:42] UTN FRA LOGGER.INFO: metodo=POST, URI=http%3A%2F%2Flocalhost%2FComanda%2Fpublic, RUTA=pedido%2Falta, autoridad=localhost [] {"uid":"28d851b"}
[2021-05-12 03:02:12] UTN FRA LOGGER.INFO: metodo=POST, URI=http%3A%2F%2Flocalhost%2FComanda%2Fpublic, RUTA=pedido%2Falta, autoridad=localhost [] {"uid":"b29a804"}
[2021-05-12 03:04:10] UTN FRA LOGGER.INFO: metodo=POST, URI=http%3A%2F%2Flocalhost%2FComanda%2Fpublic, RUTA=pedido%2Falta, autoridad=localhost [] {"uid":"b300b8b"}
[2021-05-12 03:06:53] UTN FRA LOGGER.INFO: metodo=POST, URI=http%3A%2F%2Flocalhost%2FComanda%2Fpublic, RUTA=pedido%2Falta, autoridad=localhost [] {"uid":"8f6b06c"}
[2021-05-12 03:07:53] UTN FRA LOGGER.INFO: metodo=POST, URI=http%3A%2F%2Flocalhost%2FComanda%2Fpublic, RUTA=pedido%2Festadopedido, autoridad=localhost [] {"uid":"6e02680"}
[2021-05-12 03:19:34] UTN FRA LOGGER.INFO: metodo=POST, URI=http%3A%2F%2Flocalhost%2FComanda%2Fpublic, RUTA=pedido%2Festadopedido, autoridad=localhost [] {"uid":"dacfd54"}
[2021-05-12 03:21:24] UTN FRA LOGGER.INFO: metodo=POST, URI=http%3A%2F%2Flocalhost%2FComanda%2Fpublic, RUTA=pedido%2Festadopedido, autoridad=localhost [] {"uid":"cf6e5a4"}
[2021-05-12 03:22:22] UTN FRA LOGGER.INFO: metodo=POST, URI=http%3A%2F%2Flocalhost%2FComanda%2Fpublic, RUTA=pedido%2Festadopedido, autoridad=localhost [] {"uid":"2641a4c"}
[2021-05-12 03:23:35] UTN FRA LOGGER.INFO: metodo=POST, URI=http%3A%2F%2Flocalhost%2FComanda%2Fpublic, RUTA=pedido%2Festadopedido, autoridad=localhost [] {"uid":"e6ea84e"}
[2021-05-12 03:23:43] UTN FRA LOGGER.INFO: metodo=POST, URI=http%3A%2F%2Flocalhost%2FComanda%2Fpublic, RUTA=pedido%2Festadopedido, autoridad=localhost [] {"uid":"8865155"}
[2021-05-12 03:23:49] UTN FRA LOGGER.INFO: metodo=POST, URI=http%3A%2F%2Flocalhost%2FComanda%2Fpublic, RUTA=pedido%2Festadopedido, autoridad=localhost [] {"uid":"38d460a"}
[2021-05-12 03:24:14] UTN FRA LOGGER.INFO: metodo=POST, URI=http%3A%2F%2Flocalhost%2FComanda%2Fpublic, RUTA=pedido%2Festadopedido, autoridad=localhost [] {"uid":"100c649"}
[2021-05-12 03:24:26] UTN FRA LOGGER.INFO: metodo=POST, URI=http%3A%2F%2Flocalhost%2FComanda%2Fpublic, RUTA=pedido%2Festadopedido, autoridad=localhost [] {"uid":"f750f89"}
[2021-05-12 03:24:31] UTN FRA LOGGER.INFO: metodo=POST, URI=http%3A%2F%2Flocalhost%2FComanda%2Fpublic, RUTA=pedido%2Festadopedido, autoridad=localhost [] {"uid":"557babb"}
